This is pdfTeX, Version 3.14159265-2.6-1.40.21 (TeX Live 2020/W32TeX) (preloaded format=pdflatex 2021.2.15)  19 JUL 2021 12:41
entering extended mode
 restricted \write18 enabled.
 file:line:error style messages enabled.
 %&-line parsing enabled.
**c:/Users/Zain/Documents/Poetry_Book/poetry-book/Poems.tex
(c:/Users/Zain/Documents/Poetry_Book/poetry-book/Poems.tex
LaTeX2e <2020-10-01> patch level 4
L3 programming layer <2021-02-06> (c:/texlive/2020/texmf-dist/tex/latex/base/book.cls
Document Class: book 2020/04/10 v1.4m Standard LaTeX document class
(c:/texlive/2020/texmf-dist/tex/latex/base/bk10.clo
File: bk10.clo 2020/04/10 v1.4m Standard LaTeX file (size option)
)
\c@part=\count177
\c@chapter=\count178
\c@section=\count179
\c@subsection=\count180
\c@subsubsection=\count181
\c@paragraph=\count182
\c@subparagraph=\count183
\c@figure=\count184
\c@table=\count185
\abovecaptionskip=\skip47
\belowcaptionskip=\skip48
\bibindent=\dimen138
) (c:/texlive/2020/texmf-dist/tex/latex/tree-dvips/lingmacros.sty
\c@enums=\count186
\widelabel=\dimen139
\c@tempcnt=\count187
\c@enumsi=\count188
\eeindent=\dimen140
) (c:/texlive/2020/texmf-dist/tex/latex/tree-dvips/tree-dvips.sty
tree-dvips version .91 of May 16, 1995
\nodemargin=\dimen141
\treelinewidth=\dimen142
\dashlength=\dimen143
\arrowwidth=\dimen144
\arrowlength=\dimen145
\arrowinset=\dimen146
\pos@t=\toks15
\pos@b=\toks16
\pos@l=\toks17
\pos@r=\toks18
\pos@tl=\toks19
\pos@tr=\toks20
\pos@bl=\toks21
\pos@br=\toks22
\@arrow=\count189
\@tempdimc=\dimen147
) (c:/texlive/2020/texmf-dist/tex/latex/parallel/parallel.sty
Package: parallel 2003/04/13, setting two texts parallel (me)
 `parallel': setting two texts parallel, (beta 4) 2003/04/13.
\ParallelLWidth=\dimen148
\ParallelRWidth=\dimen149
\ParallelTextWidth=\dimen150
\ParallelLeftMargin=\dimen151
\ParallelUserMidSkip=\dimen152
\ParallelMainMidSkip=\dimen153
\ParallelLBox=\box47
\ParallelRBox=\box48
\ParallelBoxVar=\box49
\ParallelLTok=\box50
\ParallelRTok=\box51
\ParallelBoolVar=\count190
\ParallelBoolMid=\count191
\ParallelWhichBox=\count192
\ParallelMainMode=\count193
\ParallelFNMode=\count194
\ParallelLFNCounter=\count195
\ParallelRFNCounter=\count196
\ParallelMaxFN=\count197
\ParallelFNNumMode=\count198
) (c:/texlive/2020/texmf-dist/tex/latex/venturisadf/venturis2.sty
Package: venturis2 2010/07/03 v1.005 VenturisADFNo2 PS
 (c:/texlive/2020/texmf-dist/tex/latex/base/fontenc.sty
Package: fontenc 2020/08/10 v2.0s Standard LaTeX package
) (c:/texlive/2020/texmf-dist/tex/latex/base/textcomp.sty
Package: textcomp 2020/02/02 v2.0n Standard LaTeX package
) (c:/texlive/2020/texmf-dist/tex/latex/nfssext-cfr/nfssext-cfr.sty (c:/texlive/2020/texmf-dist/tex/latex/svn-prov/svn-prov.sty
Package: svn-prov 2010/04/24 v3.1862 Package Date/Version from SVN Keywords
)
Package: nfssext-cfr 2017/03/28 (SVN Rev: 6140){} specially mangled by cfr; based on 2003/03/14 v1.2 Experimental NFSS Extensions
 (c:/texlive/2020/texmf-dist/tex/latex/base/ifthen.sty
Package: ifthen 2014/09/29 v1.1c Standard LaTeX ifthen package (DPC)
)
\c@taken=\count199
LaTeX Info: Redefining \itshape on input line 515.
LaTeX Info: Redefining \scshape on input line 523.
LaTeX Info: Redefining \upshape on input line 537.
LaTeX Info: Redefining \swshape on input line 544.
LaTeX Info: Redefining \textsw on input line 553.
)) (c:/texlive/2020/texmf-dist/tex/latex/fancyhdr/fancyhdr.sty
Package: fancyhdr 2021/01/28 v4.0.1 Extensive control of page headers and footers
\f@nch@headwidth=\skip49
\f@nch@O@elh=\skip50
\f@nch@O@erh=\skip51
\f@nch@O@olh=\skip52
\f@nch@O@orh=\skip53
\f@nch@O@elf=\skip54
\f@nch@O@erf=\skip55
\f@nch@O@olf=\skip56
\f@nch@O@orf=\skip57
) (c:/texlive/2020/texmf-dist/tex/latex/lipsum/lipsum.sty (c:/texlive/2020/texmf-dist/tex/latex/l3kernel/expl3.sty
Package: expl3 2021-02-06 L3 programming layer (loader) 
 (c:/texlive/2020/texmf-dist/tex/latex/l3backend/l3backend-pdftex.def
File: l3backend-pdftex.def 2021-02-06 L3 backend support: PDF output (pdfTeX)
\l__color_backend_stack_int=\count266
\l__pdf_internal_box=\box52
)) (c:/texlive/2020/texmf-dist/tex/latex/l3packages/xparse/xparse.sty (c:/texlive/2020/texmf-dist/tex/latex/l3packages/xparse/xparse-2020-10-01.sty (c:/texlive/2020/texmf-dist/tex/latex/l3packages/xparse/xparse-generic.tex)))
Package: lipsum 2019/01/02 v2.2 150 paragraphs of Lorem Ipsum dummy text
 (c:/texlive/2020/texmf-dist/tex/latex/lipsum/lipsum.ltd.tex
File: lipsum.ltd.tex 2019/01/02 v2.2 The Lorem ipsum dummy text
)) (c:/texlive/2020/texmf-dist/tex/latex/paracol/paracol.sty
Package: paracol 2018/12/31 v1.35 
\pcol@currcol=\count267
\pcol@nextcol=\count268
\pcol@ncol=\count269
\pcol@ncolleft=\count270
\pcol@page=\count271
\pcol@basepage=\count272
\pcol@toppage=\count273
\pcol@footnotebase=\count274
\pcol@nfootnotes=\count275
\pcol@mcid=\count276
\pcol@prevdepth=\dimen154
\pcol@colht=\dimen155
\pcol@textfloatsep=\dimen156
\pcol@lrmargin=\dimen157
\pagerim=\dimen158
\pcol@topskip=\skip58
\belowfootnoteskip=\skip59
\pcol@topfnotes=\box53
\pcol@prespan=\box54
\pcol@rightpage=\box55
\pcol@colorstack@saved=\box56
\pcol@tempboxa=\box57
\pcol@tempboxb=\box58
\pcol@colorins=\insert252
\pcol@everyvbox=\toks23
) (c:/texlive/2020/texmf-dist/tex/latex/ragged2e/ragged2e.sty
Package: ragged2e 2021/02/05 v3.0 ragged2e Package
 (c:/texlive/2020/texmf-dist/tex/latex/everysel/everysel.sty
Package: everysel 2021/01/20 v2.1 EverySelectfont Package (MS)
 (c:/texlive/2020/texmf-dist/tex/latex/everysel/everysel-2011-10-28.sty))
\CenteringLeftskip=\skip60
\RaggedLeftLeftskip=\skip61
\RaggedRightLeftskip=\skip62
\CenteringRightskip=\skip63
\RaggedLeftRightskip=\skip64
\RaggedRightRightskip=\skip65
\CenteringParfillskip=\skip66
\RaggedLeftParfillskip=\skip67
\RaggedRightParfillskip=\skip68
\JustifyingParfillskip=\skip69
\CenteringParindent=\skip70
\RaggedLeftParindent=\skip71
\RaggedRightParindent=\skip72
\JustifyingParindent=\skip73
) (c:/texlive/2020/texmf-dist/tex/latex/tocloft/tocloft.sty
Package: tocloft 2017/08/31 v2.3i parameterised ToC, etc., typesetting
Package tocloft Info: The document has chapter divisions on input line 51.
\cftparskip=\skip74
\cftbeforetoctitleskip=\skip75
\cftaftertoctitleskip=\skip76
\cftbeforepartskip=\skip77
\cftpartnumwidth=\skip78
\cftpartindent=\skip79
\cftbeforechapskip=\skip80
\cftchapindent=\skip81
\cftchapnumwidth=\skip82
\cftbeforesecskip=\skip83
\cftsecindent=\skip84
\cftsecnumwidth=\skip85
\cftbeforesubsecskip=\skip86
\cftsubsecindent=\skip87
\cftsubsecnumwidth=\skip88
\cftbeforesubsubsecskip=\skip89
\cftsubsubsecindent=\skip90
\cftsubsubsecnumwidth=\skip91
\cftbeforeparaskip=\skip92
\cftparaindent=\skip93
\cftparanumwidth=\skip94
\cftbeforesubparaskip=\skip95
\cftsubparaindent=\skip96
\cftsubparanumwidth=\skip97
\cftbeforeloftitleskip=\skip98
\cftafterloftitleskip=\skip99
\cftbeforefigskip=\skip100
\cftfigindent=\skip101
\cftfignumwidth=\skip102
\c@lofdepth=\count277
\c@lotdepth=\count278
\cftbeforelottitleskip=\skip103
\cftafterlottitleskip=\skip104
\cftbeforetabskip=\skip105
\cfttabindent=\skip106
\cfttabnumwidth=\skip107
) (c:/texlive/2020/texmf-dist/tex/generic/soul/soul.sty
Package: soul 2003/11/17 v2.4 letterspacing/underlining (mf)
\SOUL@word=\toks24
\SOUL@lasttoken=\toks25
\SOUL@cmds=\toks26
\SOUL@buffer=\toks27
\SOUL@token=\toks28
\SOUL@spaceskip=\skip108
\SOUL@ttwidth=\dimen159
\SOUL@uldp=\dimen160
\SOUL@ulht=\dimen161
LaTeX Info: Redefining \textul on input line 799.
) (c:/texlive/2020/texmf-dist/tex/latex/base/fontenc.sty
Package: fontenc 2020/08/10 v2.0s Standard LaTeX package
LaTeX Font Info:    Trying to load font information for T1+yv2 on input line 112.
 (c:/texlive/2020/texmf-dist/tex/latex/venturis2/t1yv2.fd
File: t1yv2.fd 2010/07/03 Fontinst v1.933 font definitions for T1/yv2.


LaTeX Warning: Font shape declaration has incorrect series value `mc'.
               It should not contain an `m'! Please correct it.
               Found on input line 30.


LaTeX Warning: Font shape declaration has incorrect series value `mc'.
               It should not contain an `m'! Please correct it.
               Found on input line 34.


LaTeX Warning: Font shape declaration has incorrect series value `mc'.
               It should not contain an `m'! Please correct it.
               Found on input line 71.


LaTeX Warning: Font shape declaration has incorrect series value `mc'.
               It should not contain an `m'! Please correct it.
               Found on input line 72.


LaTeX Warning: Font shape declaration has incorrect series value `mc'.
               It should not contain an `m'! Please correct it.
               Found on input line 73.

)) (c:/texlive/2020/texmf-dist/tex/latex/geometry/geometry.sty
Package: geometry 2020/01/02 v5.9 Page Geometry
 (c:/texlive/2020/texmf-dist/tex/latex/graphics/keyval.sty
Package: keyval 2014/10/28 v1.15 key=value parser (DPC)
\KV@toks@=\toks29
) (c:/texlive/2020/texmf-dist/tex/generic/iftex/ifvtex.sty
Package: ifvtex 2019/10/25 v1.7 ifvtex legacy package. Use iftex instead.
 (c:/texlive/2020/texmf-dist/tex/generic/iftex/iftex.sty
Package: iftex 2020/03/06 v1.0d TeX engine tests
))
\Gm@cnth=\count279
\Gm@cntv=\count280
\c@Gm@tempcnt=\count281
\Gm@bindingoffset=\dimen162
\Gm@wd@mp=\dimen163
\Gm@odd@mp=\dimen164
\Gm@even@mp=\dimen165
\Gm@layoutwidth=\dimen166
\Gm@layoutheight=\dimen167
\Gm@layouthoffset=\dimen168
\Gm@layoutvoffset=\dimen169
\Gm@dimlist=\toks30
) (c:/Users/Zain/Documents/Poetry_Book/poetry-book/Poems.aux (c:/Users/Zain/Documents/Poetry_Book/poetry-book/Archery.aux) (c:/Users/Zain/Documents/Poetry_Book/poetry-book/Then_the_War.aux) (c:/Users/Zain/Documents/Poetry_Book/poetry-book/Entire_Known_World_So_Far.aux) (c:/Users/Zain/Documents/Poetry_Book/poetry-book/Of_the_Shining_Underlife.aux) (c:/Users/Zain/Documents/Poetry_Book/poetry-book/The_Uncle_Poem.aux) (c:/Users/Zain/Documents/Poetry_Book/poetry-book/The_Uncle_Poem_cont.aux) (c:/Users/Zain/Documents/Poetry_Book/poetry-book/Fuck_Your_Lecture_on_Craft,_My_People_Are_Dying.aux) (c:/Users/Zain/Documents/Poetry_Book/poetry-book/Tonight.aux) (c:/Users/Zain/Documents/Poetry_Book/poetry-book/The_Unbearable_Weight_of_Staying.aux) (c:/Users/Zain/Documents/Poetry_Book/poetry-book/Wild_Geese.aux) (c:/Users/Zain/Documents/Poetry_Book/poetry-book/And_this_I_dreamt,_and_this_I_dream.aux) (c:/Users/Zain/Documents/Poetry_Book/poetry-book/Love_Poem_137.aux) (c:/Users/Zain/Documents/Poetry_Book/poetry-book/Two-tears.aux) (c:/Users/Zain/Documents/Poetry_Book/poetry-book/Sonnet_XVII.aux) (c:/Users/Zain/Documents/Poetry_Book/poetry-book/Self-Portrait.aux) (c:/Users/Zain/Documents/Poetry_Book/poetry-book/Stones_and_Bones.aux) (c:/Users/Zain/Documents/Poetry_Book/poetry-book/Monet.aux) (c:/Users/Zain/Documents/Poetry_Book/poetry-book/last_bus_home.aux) (c:/Users/Zain/Documents/Poetry_Book/poetry-book/Kindness.aux) (c:/Users/Zain/Documents/Poetry_Book/poetry-book/Heavy.aux) (c:/Users/Zain/Documents/Poetry_Book/poetry-book/Mirror.aux) (c:/Users/Zain/Documents/Poetry_Book/poetry-book/What_You_Missed.aux) (c:/Users/Zain/Documents/Poetry_Book/poetry-book/Good_Mama.aux) (c:/Users/Zain/Documents/Poetry_Book/poetry-book/Ode_to_Dirt.aux) (c:/Users/Zain/Documents/Poetry_Book/poetry-book/grandmother.aux) (c:/Users/Zain/Documents/Poetry_Book/poetry-book/promise.aux) (c:/Users/Zain/Documents/Poetry_Book/poetry-book/The-Loneliest-Job-in-the-World.aux) (c:/Users/Zain/Documents/Poetry_Book/poetry-book/children.aux) (c:/Users/Zain/Documents/Poetry_Book/poetry-book/happily.aux) (c:/Users/Zain/Documents/Poetry_Book/poetry-book/Descent.aux) (c:/Users/Zain/Documents/Poetry_Book/poetry-book/When_I_Die.aux) (c:/Users/Zain/Documents/Poetry_Book/poetry-book/do_not_love.aux) (c:/Users/Zain/Documents/Poetry_Book/poetry-book/care.aux) (c:/Users/Zain/Documents/Poetry_Book/poetry-book/anthem.aux) (c:/Users/Zain/Documents/Poetry_Book/poetry-book/dark.aux) (c:/Users/Zain/Documents/Poetry_Book/poetry-book/Say_Thank_You_Say_I’m_Sorry.aux) (c:/Users/Zain/Documents/Poetry_Book/poetry-book/kindness.aux) (c:/Users/Zain/Documents/Poetry_Book/poetry-book/Tu_Risa.aux) (c:/Users/Zain/Documents/Poetry_Book/poetry-book/Lord_Knows.aux) (c:/Users/Zain/Documents/Poetry_Book/poetry-book/Indigo.aux) (c:/Users/Zain/Documents/Poetry_Book/poetry-book/Indigo_cont.aux) (c:/Users/Zain/Documents/Poetry_Book/poetry-book/y_porqué.aux) (c:/Users/Zain/Documents/Poetry_Book/poetry-book/Scheherazade.aux))
\openout1 = `Poems.aux'.

LaTeX Font Info:    Checking defaults for OML/cmm/m/it on input line 15.
LaTeX Font Info:    ... okay on input line 15.
LaTeX Font Info:    Checking defaults for OMS/cmsy/m/n on input line 15.
LaTeX Font Info:    ... okay on input line 15.
LaTeX Font Info:    Checking defaults for OT1/cmr/m/n on input line 15.
LaTeX Font Info:    ... okay on input line 15.
LaTeX Font Info:    Checking defaults for T1/cmr/m/n on input line 15.
LaTeX Font Info:    ... okay on input line 15.
LaTeX Font Info:    Checking defaults for TS1/cmr/m/n on input line 15.
LaTeX Font Info:    ... okay on input line 15.
LaTeX Font Info:    Checking defaults for OMX/cmex/m/n on input line 15.
LaTeX Font Info:    ... okay on input line 15.
LaTeX Font Info:    Checking defaults for U/cmr/m/n on input line 15.
LaTeX Font Info:    ... okay on input line 15.
 ABD: EverySelectfont initializing macros
LaTeX Info: Redefining \selectfont on input line 15.

*geometry* driver: auto-detecting
*geometry* detected driver: pdftex
*geometry* verbose mode - [ preamble ] result:
* driver: pdftex
* paper: a5paper
* layout: <same size as paper>
* layoutoffset:(h,v)=(0.0pt,0.0pt)
* modes: landscape twoside heightrounded 
* h-part:(L,W,R)=(28.45274pt, 540.60239pt, 28.45274pt)
* v-part:(T,H,B)=(56.9055pt, 335.74254pt, 28.45274pt)
* \paperwidth=597.50787pt
* \paperheight=421.10078pt
* \textwidth=540.60239pt
* \textheight=334.0pt
* \oddsidemargin=-43.81725pt
* \evensidemargin=-43.81725pt
* \topmargin=-45.43198pt
* \headheight=12.0pt
* \headsep=18.06749pt
* \topskip=10.0pt
* \footskip=25.29494pt
* \marginparwidth=125.0pt
* \marginparsep=7.0pt
* \columnsep=10.0pt
* \skip\footins=9.0pt plus 4.0pt minus 2.0pt
* \hoffset=0.0pt
* \voffset=0.0pt
* \mag=1000
* \@twocolumnfalse
* \@twosidetrue
* \@mparswitchtrue
* \@reversemarginfalse
* (1in=72.27pt=25.4mm, 1cm=28.453pt)

[1


Non-PDF special ignored!
<special> header=tree-dvips91.pro


{c:/texlive/2020/texmf-var/fonts/map/pdftex/updmap/pdftex.map}] (c:/Users/Zain/Documents/Poetry_Book/poetry-book/Poems.toc
LaTeX Font Info:    External font `cmex10' loaded for size
(Font)              <7> on input line 1.
LaTeX Font Info:    External font `cmex10' loaded for size
(Font)              <5> on input line 1.
 [2])
\tf@toc=\write3
\openout3 = `Poems.toc'.

 [3]
\openout2 = `Archery.aux'.

 (c:/Users/Zain/Documents/Poetry_Book/poetry-book/Archery.tex) [1


]
\openout2 = `Then_the_War.aux'.

 (c:/Users/Zain/Documents/Poetry_Book/poetry-book/Then_the_War.tex) [2



]
\openout2 = `Entire_Known_World_So_Far.aux'.

 (c:/Users/Zain/Documents/Poetry_Book/poetry-book/Entire_Known_World_So_Far.tex) [3



]
\openout2 = `Of_the_Shining_Underlife.aux'.

 (c:/Users/Zain/Documents/Poetry_Book/poetry-book/Of_the_Shining_Underlife.tex) [4



]
\openout2 = `The_Uncle_Poem.aux'.

 (c:/Users/Zain/Documents/Poetry_Book/poetry-book/The_Uncle_Poem.tex) [5



]
\openout2 = `The_Uncle_Poem_cont.aux'.

 (c:/Users/Zain/Documents/Poetry_Book/poetry-book/The_Uncle_Poem_cont.tex) [6



]
\openout2 = `Fuck_Your_Lecture_on_Craft,_My_People_Are_Dying.aux'.

 (c:/Users/Zain/Documents/Poetry_Book/poetry-book/Fuck_Your_Lecture_on_Craft,_My_People_Are_Dying.tex) [7



]
\openout2 = `Tonight.aux'.

 (c:/Users/Zain/Documents/Poetry_Book/poetry-book/Tonight.tex) [8



]
\openout2 = `The_Unbearable_Weight_of_Staying.aux'.

 (c:/Users/Zain/Documents/Poetry_Book/poetry-book/The_Unbearable_Weight_of_Staying.tex) [9



]
\openout2 = `Wild_Geese.aux'.

 (c:/Users/Zain/Documents/Poetry_Book/poetry-book/Wild_Geese.tex) [10



]
\openout2 = `And_this_I_dreamt,_and_this_I_dream.aux'.

 (c:/Users/Zain/Documents/Poetry_Book/poetry-book/And_this_I_dreamt,_and_this_I_dream.tex) [11



]
\openout2 = `Love_Poem_137.aux'.

 (c:/Users/Zain/Documents/Poetry_Book/poetry-book/Love_Poem_137.tex) [12



]
\openout2 = `Two-tears.aux'.

 (c:/Users/Zain/Documents/Poetry_Book/poetry-book/Two-tears.tex) [13



]
\openout2 = `Sonnet_XVII.aux'.

 (c:/Users/Zain/Documents/Poetry_Book/poetry-book/Sonnet_XVII.tex
Underfull \hbox (badness 10000) in paragraph at lines 7--12

 []


Underfull \hbox (badness 10000) in paragraph at lines 13--17

 []


Underfull \hbox (badness 10000) in paragraph at lines 18--21

 []


Underfull \hbox (badness 10000) in paragraph at lines 25--30

 []


Underfull \hbox (badness 10000) in paragraph at lines 31--35

 []


Underfull \hbox (badness 10000) in paragraph at lines 36--39

 []

) [14



]
\openout2 = `Self-Portrait.aux'.

 (c:/Users/Zain/Documents/Poetry_Book/poetry-book/Self-Portrait.tex) [15



]
\openout2 = `Stones_and_Bones.aux'.

 (c:/Users/Zain/Documents/Poetry_Book/poetry-book/Stones_and_Bones.tex) [16



]
\openout2 = `Monet.aux'.

 (c:/Users/Zain/Documents/Poetry_Book/poetry-book/Monet.tex) [17



]
\openout2 = `last_bus_home.aux'.

 (c:/Users/Zain/Documents/Poetry_Book/poetry-book/last_bus_home.tex) [18



]
\openout2 = `Kindness.aux'.

 (c:/Users/Zain/Documents/Poetry_Book/poetry-book/Kindness.tex) [19



]
\openout2 = `Heavy.aux'.

 (c:/Users/Zain/Documents/Poetry_Book/poetry-book/Heavy.tex
Underfull \hbox (badness 10000) in paragraph at lines 7--9

 []

) [20



]
\openout2 = `Mirror.aux'.

 (c:/Users/Zain/Documents/Poetry_Book/poetry-book/Mirror.tex) [21



]
\openout2 = `What_You_Missed.aux'.

 (c:/Users/Zain/Documents/Poetry_Book/poetry-book/What_You_Missed.tex
Underfull \hbox (badness 10000) in paragraph at lines 7--10

 []


Underfull \hbox (badness 10000) in paragraph at lines 11--13

 []


Underfull \hbox (badness 10000) in paragraph at lines 14--16

 []


Underfull \hbox (badness 10000) in paragraph at lines 17--19

 []


Underfull \hbox (badness 10000) in paragraph at lines 22--25

 []


Underfull \hbox (badness 10000) in paragraph at lines 26--28

 []


Underfull \hbox (badness 10000) in paragraph at lines 29--31

 []


Underfull \hbox (badness 10000) in paragraph at lines 32--34

 []

) [22



]
\openout2 = `Good_Mama.aux'.

 (c:/Users/Zain/Documents/Poetry_Book/poetry-book/Good_Mama.tex) [23



]
\openout2 = `Ode_to_Dirt.aux'.

 (c:/Users/Zain/Documents/Poetry_Book/poetry-book/Ode_to_Dirt.tex) [24



]
\openout2 = `grandmother.aux'.

 (c:/Users/Zain/Documents/Poetry_Book/poetry-book/grandmother.tex
Underfull \hbox (badness 10000) in paragraph at lines 7--29

 []


Underfull \hbox (badness 10000) in paragraph at lines 30--54

 []

[25



]
Underfull \hbox (badness 10000) in paragraph at lines 73--82

 []

) [26

]
\openout2 = `promise.aux'.

 (c:/Users/Zain/Documents/Poetry_Book/poetry-book/promise.tex)
Underfull \vbox (badness 1527) has occurred while \output is active []

 [27



]
\openout2 = `The-Loneliest-Job-in-the-World.aux'.

 (c:/Users/Zain/Documents/Poetry_Book/poetry-book/The-Loneliest-Job-in-the-World.tex) [28



]
\openout2 = `children.aux'.

 (c:/Users/Zain/Documents/Poetry_Book/poetry-book/children.tex) [29



]
\openout2 = `happily.aux'.

 (c:/Users/Zain/Documents/Poetry_Book/poetry-book/happily.tex) [30



]
\openout2 = `Descent.aux'.

 (c:/Users/Zain/Documents/Poetry_Book/poetry-book/Descent.tex
Underfull \hbox (badness 10000) in paragraph at lines 6--20

 []


Underfull \hbox (badness 10000) in paragraph at lines 21--29

 []

) [31



]
\openout2 = `When_I_Die.aux'.

 (c:/Users/Zain/Documents/Poetry_Book/poetry-book/When_I_Die.tex) [32



]
\openout2 = `do_not_love.aux'.

 (c:/Users/Zain/Documents/Poetry_Book/poetry-book/do_not_love.tex) [33



]
\openout2 = `care.aux'.

 (c:/Users/Zain/Documents/Poetry_Book/poetry-book/care.tex) [34



]
\openout2 = `anthem.aux'.

 (c:/Users/Zain/Documents/Poetry_Book/poetry-book/anthem.tex) [35



]
\openout2 = `dark.aux'.

 (c:/Users/Zain/Documents/Poetry_Book/poetry-book/dark.tex) [36



]
\openout2 = `Say_Thank_You_Say_I’m_Sorry.aux'.

 (c:/Users/Zain/Documents/Poetry_Book/poetry-book/Say_Thank_You_Say_I’m_Sorry.tex) [37



]
\openout2 = `kindness.aux'.

 (c:/Users/Zain/Documents/Poetry_Book/poetry-book/kindness.tex) [38



]
\openout2 = `Tu_Risa.aux'.

 (c:/Users/Zain/Documents/Poetry_Book/poetry-book/Tu_Risa.tex) [39



]
\openout2 = `Lord_Knows.aux'.

 (c:/Users/Zain/Documents/Poetry_Book/poetry-book/Lord_Knows.tex) [40



]
\openout2 = `Indigo.aux'.

 (c:/Users/Zain/Documents/Poetry_Book/poetry-book/Indigo.tex) [41



]
\openout2 = `Indigo_cont.aux'.

 (c:/Users/Zain/Documents/Poetry_Book/poetry-book/Indigo_cont.tex) [42



]
\openout2 = `y_porqué.aux'.

 (c:/Users/Zain/Documents/Poetry_Book/poetry-book/y_porqué.tex) [43



]
\openout2 = `Scheherazade.aux'.

 (c:/Users/Zain/Documents/Poetry_Book/poetry-book/Scheherazade.tex) [44



] (c:/Users/Zain/Documents/Poetry_Book/poetry-book/Poems.aux (c:/Users/Zain/Documents/Poetry_Book/poetry-book/Archery.aux) (c:/Users/Zain/Documents/Poetry_Book/poetry-book/Then_the_War.aux) (c:/Users/Zain/Documents/Poetry_Book/poetry-book/Entire_Known_World_So_Far.aux) (c:/Users/Zain/Documents/Poetry_Book/poetry-book/Of_the_Shining_Underlife.aux) (c:/Users/Zain/Documents/Poetry_Book/poetry-book/The_Uncle_Poem.aux) (c:/Users/Zain/Documents/Poetry_Book/poetry-book/The_Uncle_Poem_cont.aux) (c:/Users/Zain/Documents/Poetry_Book/poetry-book/Fuck_Your_Lecture_on_Craft,_My_People_Are_Dying.aux) (c:/Users/Zain/Documents/Poetry_Book/poetry-book/Tonight.aux) (c:/Users/Zain/Documents/Poetry_Book/poetry-book/The_Unbearable_Weight_of_Staying.aux) (c:/Users/Zain/Documents/Poetry_Book/poetry-book/Wild_Geese.aux) (c:/Users/Zain/Documents/Poetry_Book/poetry-book/And_this_I_dreamt,_and_this_I_dream.aux) (c:/Users/Zain/Documents/Poetry_Book/poetry-book/Love_Poem_137.aux) (c:/Users/Zain/Documents/Poetry_Book/poetry-book/Two-tears.aux) (c:/Users/Zain/Documents/Poetry_Book/poetry-book/Sonnet_XVII.aux) (c:/Users/Zain/Documents/Poetry_Book/poetry-book/Self-Portrait.aux) (c:/Users/Zain/Documents/Poetry_Book/poetry-book/Stones_and_Bones.aux) (c:/Users/Zain/Documents/Poetry_Book/poetry-book/Monet.aux) (c:/Users/Zain/Documents/Poetry_Book/poetry-book/last_bus_home.aux) (c:/Users/Zain/Documents/Poetry_Book/poetry-book/Kindness.aux) (c:/Users/Zain/Documents/Poetry_Book/poetry-book/Heavy.aux) (c:/Users/Zain/Documents/Poetry_Book/poetry-book/Mirror.aux) (c:/Users/Zain/Documents/Poetry_Book/poetry-book/What_You_Missed.aux) (c:/Users/Zain/Documents/Poetry_Book/poetry-book/Good_Mama.aux) (c:/Users/Zain/Documents/Poetry_Book/poetry-book/Ode_to_Dirt.aux) (c:/Users/Zain/Documents/Poetry_Book/poetry-book/grandmother.aux) (c:/Users/Zain/Documents/Poetry_Book/poetry-book/promise.aux) (c:/Users/Zain/Documents/Poetry_Book/poetry-book/The-Loneliest-Job-in-the-World.aux) (c:/Users/Zain/Documents/Poetry_Book/poetry-book/children.aux) (c:/Users/Zain/Documents/Poetry_Book/poetry-book/happily.aux) (c:/Users/Zain/Documents/Poetry_Book/poetry-book/Descent.aux) (c:/Users/Zain/Documents/Poetry_Book/poetry-book/When_I_Die.aux) (c:/Users/Zain/Documents/Poetry_Book/poetry-book/do_not_love.aux) (c:/Users/Zain/Documents/Poetry_Book/poetry-book/care.aux) (c:/Users/Zain/Documents/Poetry_Book/poetry-book/anthem.aux) (c:/Users/Zain/Documents/Poetry_Book/poetry-book/dark.aux) (c:/Users/Zain/Documents/Poetry_Book/poetry-book/Say_Thank_You_Say_I’m_Sorry.aux) (c:/Users/Zain/Documents/Poetry_Book/poetry-book/kindness.aux) (c:/Users/Zain/Documents/Poetry_Book/poetry-book/Tu_Risa.aux) (c:/Users/Zain/Documents/Poetry_Book/poetry-book/Lord_Knows.aux) (c:/Users/Zain/Documents/Poetry_Book/poetry-book/Indigo.aux) (c:/Users/Zain/Documents/Poetry_Book/poetry-book/Indigo_cont.aux) (c:/Users/Zain/Documents/Poetry_Book/poetry-book/y_porqué.aux) (c:/Users/Zain/Documents/Poetry_Book/poetry-book/Scheherazade.aux)) ) 
Here is how much of TeX's memory you used:
 3982 strings out of 479302
 74527 string characters out of 5871204
 492478 words of memory out of 5000000
 20844 multiletter control sequences out of 15000+600000
 442172 words of font info for 43 fonts, out of 8000000 for 9000
 1141 hyphenation exceptions out of 8191
 71i,10n,75p,412b,384s stack positions out of 5000i,500n,10000p,200000b,80000s
{c:/texlive/2020/texmf-dist/fonts/enc/dvips/venturisadf/t1-f_f-venturisadf.enc}<c:/texlive/2020/texmf-dist/fonts/type1/arkandis/venturis2/yv2b8a.pfb><c:/texlive/2020/texmf-dist/fonts/type1/arkandis/venturis2/yv2bi8a.pfb><c:/texlive/2020/texmf-dist/fonts/type1/arkandis/venturis2/yv2r8a.pfb><c:/texlive/2020/texmf-dist/fonts/type1/arkandis/venturis2/yv2ri8a.pfb>
Output written on c:/Users/Zain/Documents/Poetry_Book/poetry-book/Poems.pdf (47 pages, 136384 bytes).
PDF statistics:
 174 PDF objects out of 1000 (max. 8388607)
 119 compressed objects within 2 object streams
 0 named destinations out of 1000 (max. 500000)
 1 words of extra memory for PDF output out of 10000 (max. 10000000)

